<?xml version="1.0" encoding="UTF-8"?>
<!-- Generated by org.testng.reporters.JUnitReportReporter -->
<testsuite hostname="VAIO" name="executionScript.TestCase005_BrowseiMacs" tests="2" failures="0" timestamp="21 Feb 2016 05:01:58 GMT" time="63.695" errors="0">
  <testcase name="testCase005_BrowseiMacsListView" time="42.678" classname="executionScript.TestCase005_BrowseiMacs"/>
  <testcase name="testCase005_BrowseiMacsGridView" time="21.017" classname="executionScript.TestCase005_BrowseiMacs"/>
</testsuite> <!-- executionScript.TestCase005_BrowseiMacs -->
