<?xml version="1.0" encoding="UTF-8"?>
<!-- Generated by org.testng.reporters.JUnitReportReporter -->
<testsuite hostname="VAIO" name="executionScript.TestCase011_BuySeveralProducts" tests="1" failures="0" timestamp="21 Feb 2016 05:01:58 GMT" time="52.892" errors="0">
  <testcase name="testCase011_BuySeveralProducts" time="52.892" classname="executionScript.TestCase011_BuySeveralProducts"/>
</testsuite> <!-- executionScript.TestCase011_BuySeveralProducts -->
