<?xml version="1.0" encoding="UTF-8"?>
<!-- Generated by org.testng.reporters.JUnitReportReporter -->
<testsuite hostname="VAIO" name="executionScript.TestCase008_BrowseiPods" tests="2" failures="0" timestamp="21 Feb 2016 05:01:58 GMT" time="80.960" errors="0">
  <testcase name="testCase008_BrowseiPodsListView" time="45.411" classname="executionScript.TestCase008_BrowseiPods"/>
  <testcase name="testCase008_BrowseiPodsGridView" time="35.549" classname="executionScript.TestCase008_BrowseiPods"/>
</testsuite> <!-- executionScript.TestCase008_BrowseiPods -->
