<?xml version="1.0" encoding="UTF-8"?>
<!-- Generated by org.testng.reporters.JUnitReportReporter -->
<testsuite hostname="VAIO" name="executionScript.TestCase007_BrowseiPhones" tests="2" failures="0" timestamp="21 Feb 2016 05:01:58 GMT" time="102.190" errors="0">
  <testcase name="testCase007_BrowseiPhonesListView" time="76.396" classname="executionScript.TestCase007_BrowseiPhones"/>
  <testcase name="testCase007_BrowseiPhonesGridView" time="25.794" classname="executionScript.TestCase007_BrowseiPhones"/>
</testsuite> <!-- executionScript.TestCase007_BrowseiPhones -->
