<?xml version="1.0" encoding="UTF-8"?>
<!-- Generated by org.testng.reporters.JUnitReportReporter -->
<testsuite hostname="VAIO" name="executionScript.TestCase010_BuyOneProduct" tests="1" failures="0" timestamp="21 Feb 2016 05:01:58 GMT" time="27.381" errors="0">
  <testcase name="testCase010_BuyOneProduct" time="27.381" classname="executionScript.TestCase010_BuyOneProduct"/>
</testsuite> <!-- executionScript.TestCase010_BuyOneProduct -->
