<?xml version="1.0" encoding="UTF-8"?>
<!-- Generated by org.testng.reporters.JUnitReportReporter -->
<testsuite hostname="VAIO" name="executionScript.TestCase009_BrowseMacBooks" tests="2" failures="0" timestamp="21 Feb 2016 05:01:58 GMT" time="75.187" errors="0">
  <testcase name="testCase009_BrowseMacBooksGridView" time="25.731" classname="executionScript.TestCase009_BrowseMacBooks"/>
  <testcase name="testCase009_BrowseMacBooksListView" time="49.456" classname="executionScript.TestCase009_BrowseMacBooks"/>
</testsuite> <!-- executionScript.TestCase009_BrowseMacBooks -->
