<?xml version="1.0" encoding="UTF-8"?>
<!-- Generated by org.testng.reporters.JUnitReportReporter -->
<testsuite hostname="VAIO" name="executionScript.TestCase012_BuyAllProducts" tests="1" failures="0" timestamp="21 Feb 2016 05:01:58 GMT" time="78.528" errors="0">
  <testcase name="testCase012_BuyAllProducts" time="78.528" classname="executionScript.TestCase012_BuyAllProducts"/>
</testsuite> <!-- executionScript.TestCase012_BuyAllProducts -->
